0 info it worked if it ends with ok
1 verbose cli [ 'node', '/usr/local/bin/npm', 'install', 'ngTable' ]
2 info using npm@1.4.28
3 info using node@v0.10.35
4 verbose cache add [ 'ngTable', null ]
5 verbose cache add name=undefined spec="ngTable" args=["ngTable",null]
6 verbose parsed url { protocol: null,
6 verbose parsed url   slashes: null,
6 verbose parsed url   auth: null,
6 verbose parsed url   host: null,
6 verbose parsed url   port: null,
6 verbose parsed url   hostname: null,
6 verbose parsed url   hash: null,
6 verbose parsed url   search: null,
6 verbose parsed url   query: null,
6 verbose parsed url   pathname: 'ngTable',
6 verbose parsed url   path: 'ngTable',
6 verbose parsed url   href: 'ngTable' }
7 silly lockFile c247f4f4-ngTable ngTable
8 verbose lock ngTable /Users/jasonyang/.npm/c247f4f4-ngTable.lock
9 silly lockFile c247f4f4-ngTable ngTable
10 silly lockFile c247f4f4-ngTable ngTable
11 verbose addNamed [ 'ngTable', '' ]
12 verbose addNamed [ null, '*' ]
13 silly lockFile fbfc6bb1-ngTable ngTable@
14 verbose lock ngTable@ /Users/jasonyang/.npm/fbfc6bb1-ngTable.lock
15 silly addNameRange { name: 'ngTable', range: '*', hasData: false }
16 verbose request where is /ngTable
17 verbose request registry https://registry.npmjs.org/
18 verbose request id 72bd434d51c57c23
19 verbose url raw /ngTable
20 verbose url resolving [ 'https://registry.npmjs.org/', './ngTable' ]
21 verbose url resolved https://registry.npmjs.org/ngTable
22 verbose request where is https://registry.npmjs.org/ngTable
23 info trying registry request attempt 1 at 18:58:30
24 http GET https://registry.npmjs.org/ngTable
25 http 404 https://registry.npmjs.org/ngTable
26 verbose headers { date: 'Mon, 19 Jan 2015 02:58:30 GMT',
26 verbose headers   server: 'CouchDB/1.5.0 (Erlang OTP/R16B03)',
26 verbose headers   'content-type': 'application/json',
26 verbose headers   'cache-control': 'max-age=0',
26 verbose headers   'content-length': '52',
26 verbose headers   'accept-ranges': 'bytes',
26 verbose headers   via: '1.1 varnish',
26 verbose headers   age: '0',
26 verbose headers   'x-served-by': 'cache-sjc3120-SJC',
26 verbose headers   'x-cache': 'MISS',
26 verbose headers   'x-cache-hits': '0',
26 verbose headers   'x-timer': 'S1421636310.369543,VS0,VE160',
26 verbose headers   'keep-alive': 'timeout=10, max=50',
26 verbose headers   connection: 'Keep-Alive' }
27 silly registry.get cb [ 404,
27 silly registry.get   { date: 'Mon, 19 Jan 2015 02:58:30 GMT',
27 silly registry.get     server: 'CouchDB/1.5.0 (Erlang OTP/R16B03)',
27 silly registry.get     'content-type': 'application/json',
27 silly registry.get     'cache-control': 'max-age=0',
27 silly registry.get     'content-length': '52',
27 silly registry.get     'accept-ranges': 'bytes',
27 silly registry.get     via: '1.1 varnish',
27 silly registry.get     age: '0',
27 silly registry.get     'x-served-by': 'cache-sjc3120-SJC',
27 silly registry.get     'x-cache': 'MISS',
27 silly registry.get     'x-cache-hits': '0',
27 silly registry.get     'x-timer': 'S1421636310.369543,VS0,VE160',
27 silly registry.get     'keep-alive': 'timeout=10, max=50',
27 silly registry.get     connection: 'Keep-Alive' } ]
28 silly lockFile fbfc6bb1-ngTable ngTable@
29 silly lockFile fbfc6bb1-ngTable ngTable@
30 error 404 404 Not Found: ngTable
30 error 404
30 error 404 'ngTable' is not in the npm registry.
30 error 404 You should bug the author to publish it
30 error 404
30 error 404 Note that you can also install from a
30 error 404 tarball, folder, or http url, or git url.
31 error System Darwin 14.0.0
32 error command "node" "/usr/local/bin/npm" "install" "ngTable"
33 error cwd /Users/jasonyang/Desktop/HackReactor/MVP
34 error node -v v0.10.35
35 error npm -v 1.4.28
36 error code E404
37 verbose exit [ 1, true ]
